<?xml version="1.0" encoding="UTF-8"?>
<testsuite xmlns:xsi="http://www.w3.org/2001/XMLSchema-instance" xsi:noNamespaceSchemaLocation="https://maven.apache.org/surefire/maven-surefire-plugin/xsd/surefire-test-report-3.0.xsd" version="3.0" name="ie.gmit.EmployeeListTest" time="0.121" tests="3" errors="3" skipped="0" failures="0">
  <properties>
[...]
</properties>
  <testcase name="testParamConstructorInvalid" classname="ie.gmit.EmployeeListTest" time="0.02">
    <error type="java.lang.IllegalArgumentException"><![CDATA[java.lang.IllegalArgumentException: Need to provide EmployeeList as parameter
	at ie.gmit.EmployeeListTest.init(EmployeeListTest.java:27)
]]></error>
    <system-out><![CDATA[Starting EmployeeList test
]]></system-out>
  </testcase>
  <testcase name="testParamConstructorValid" classname="ie.gmit.EmployeeListTest" time="0.02">
    <error type="java.lang.IllegalArgumentException"><![CDATA[java.lang.IllegalArgumentException: Need to provide EmployeeList as parameter
	at ie.gmit.EmployeeListTest.init(EmployeeListTest.java:27)
]]></error>
  </testcase>
  <testcase name="testDefaultConstructor" classname="ie.gmit.EmployeeListTest" time="0">
    <error type="java.lang.IllegalArgumentException"><![CDATA[java.lang.IllegalArgumentException: Need to provide EmployeeList as parameter
	at ie.gmit.EmployeeListTest.init(EmployeeListTest.java:27)
]]></error>
  </testcase>
</testsuite>